<?xml version="1.0" encoding="UTF-8"?>
<testsuite xmlns:xsi="http://www.w3.org/2001/XMLSchema-instance" xsi:noNamespaceSchemaLocation="https://maven.apache.org/surefire/maven-surefire-plugin/xsd/surefire-test-report.xsd" name="com.howtodoinjava.demo.SpringBootDemoApplicationTests" time="0.467" tests="1" errors="1" skipped="0" failures="0">
  <properties>
[...]
</properties>
  <testcase name="initializationError" classname="com.howtodoinjava.demo.SpringBootDemoApplicationTests" time="0.01">
    <error message="Unable to find a @SpringBootConfiguration, you need to use @ContextConfiguration or @SpringBootTest(classes=...) with your test" type="java.lang.IllegalStateException">java.lang.IllegalStateException: Unable to find a @SpringBootConfiguration, you need to use @ContextConfiguration or @SpringBootTest(classes=...) with your test
</error>
    <system-out><![CDATA[18:56:05.213 [main] DEBUG org.springframework.test.context.junit4.SpringJUnit4ClassRunner - SpringJUnit4ClassRunner constructor called with [class com.howtodoinjava.demo.SpringBootDemoApplicationTests]
18:56:05.215 [main] DEBUG org.springframework.test.context.BootstrapUtils - Instantiating CacheAwareContextLoaderDelegate from class [org.springframework.test.context.cache.DefaultCacheAwareContextLoaderDelegate]
18:56:05.225 [main] DEBUG org.springframework.test.context.BootstrapUtils - Instantiating BootstrapContext using constructor [public org.springframework.test.context.support.DefaultBootstrapContext(java.lang.Class,org.springframework.test.context.CacheAwareContextLoaderDelegate)]
18:56:05.246 [main] DEBUG org.springframework.test.context.BootstrapUtils - Instantiating TestContextBootstrapper for test class [com.howtodoinjava.demo.SpringBootDemoApplicationTests] from class [org.springframework.boot.test.context.SpringBootTestContextBootstrapper]
18:56:05.254 [main] INFO org.springframework.boot.test.context.SpringBootTestContextBootstrapper - Neither @ContextConfiguration nor @ContextHierarchy found for test class [com.howtodoinjava.demo.SpringBootDemoApplicationTests], using SpringBootContextLoader
18:56:05.256 [main] DEBUG org.springframework.test.context.support.AbstractContextLoader - Did not detect default resource location for test class [com.howtodoinjava.demo.SpringBootDemoApplicationTests]: class path resource [com/howtodoinjava/demo/SpringBootDemoApplicationTests-context.xml] does not exist
18:56:05.256 [main] DEBUG org.springframework.test.context.support.AbstractContextLoader - Did not detect default resource location for test class [com.howtodoinjava.demo.SpringBootDemoApplicationTests]: class path resource [com/howtodoinjava/demo/SpringBootDemoApplicationTestsContext.groovy] does not exist
18:56:05.256 [main] INFO org.springframework.test.context.support.AbstractContextLoader - Could not detect default resource locations for test class [com.howtodoinjava.demo.SpringBootDemoApplicationTests]: no resource found for suffixes {-context.xml, Context.groovy}.
18:56:05.257 [main] INFO org.springframework.test.context.support.AnnotationConfigContextLoaderUtils - Could not detect default configuration classes for test class [com.howtodoinjava.demo.SpringBootDemoApplicationTests]: SpringBootDemoApplicationTests does not declare any static, non-private, non-final, nested classes annotated with @Configuration.
18:56:05.297 [main] DEBUG org.springframework.test.context.support.ActiveProfilesUtils - Could not find an 'annotation declaring class' for annotation type [org.springframework.test.context.ActiveProfiles] and class [com.howtodoinjava.demo.SpringBootDemoApplicationTests]
18:56:05.300 [main] DEBUG org.springframework.core.env.StandardEnvironment - Adding PropertySource 'systemProperties' with lowest search precedence
18:56:05.301 [main] DEBUG org.springframework.core.env.StandardEnvironment - Adding PropertySource 'systemEnvironment' with lowest search precedence
18:56:05.302 [main] DEBUG org.springframework.core.env.StandardEnvironment - Initialized StandardEnvironment with PropertySources [MapPropertySource@1175259735 {name='systemProperties', properties={java.specification.version=18, sun.jnu.encoding=UTF-8, java.class.path=/Users/devarajlanka/Downloads/springbootrestdemo/target/test-classes:/Users/devarajlanka/Downloads/springbootrestdemo/target/classes:/Users/devarajlanka/.m2/repository/org/springframework/boot/spring-boot-starter-web/2.0.5.RELEASE/spring-boot-starter-web-2.0.5.RELEASE.jar:/Users/devarajlanka/.m2/repository/org/springframework/boot/spring-boot-starter/2.0.5.RELEASE/spring-boot-starter-2.0.5.RELEASE.jar:/Users/devarajlanka/.m2/repository/org/springframework/boot/spring-boot/2.0.5.RELEASE/spring-boot-2.0.5.RELEASE.jar:/Users/devarajlanka/.m2/repository/org/springframework/boot/spring-boot-autoconfigure/2.0.5.RELEASE/spring-boot-autoconfigure-2.0.5.RELEASE.jar:/Users/devarajlanka/.m2/repository/org/springframework/boot/spring-boot-starter-logging/2.0.5.RELEASE/spring-boot-starter-logging-2.0.5.RELEASE.jar:/Users/devarajlanka/.m2/repository/ch/qos/logback/logback-classic/1.2.3/logback-classic-1.2.3.jar:/Users/devarajlanka/.m2/repository/ch/qos/logback/logback-core/1.2.3/logback-core-1.2.3.jar:/Users/devarajlanka/.m2/repository/org/apache/logging/log4j/log4j-to-slf4j/2.10.0/log4j-to-slf4j-2.10.0.jar:/Users/devarajlanka/.m2/repository/org/apache/logging/log4j/log4j-api/2.10.0/log4j-api-2.10.0.jar:/Users/devarajlanka/.m2/repository/org/slf4j/jul-to-slf4j/1.7.25/jul-to-slf4j-1.7.25.jar:/Users/devarajlanka/.m2/repository/javax/annotation/javax.annotation-api/1.3.2/javax.annotation-api-1.3.2.jar:/Users/devarajlanka/.m2/repository/org/yaml/snakeyaml/1.19/snakeyaml-1.19.jar:/Users/devarajlanka/.m2/repository/org/springframework/boot/spring-boot-starter-json/2.0.5.RELEASE/spring-boot-starter-json-2.0.5.RELEASE.jar:/Users/devarajlanka/.m2/repository/com/fasterxml/jackson/core/jackson-databind/2.9.6/jackson-databind-2.9.6.jar:/Users/devarajlanka/.m2/repository/com/fasterxml/jackson/core/jackson-annotations/2.9.0/jackson-annotations-2.9.0.jar:/Users/devarajlanka/.m2/repository/com/fasterxml/jackson/core/jackson-core/2.9.6/jackson-core-2.9.6.jar:/Users/devarajlanka/.m2/repository/com/fasterxml/jackson/datatype/jackson-datatype-jdk8/2.9.6/jackson-datatype-jdk8-2.9.6.jar:/Users/devarajlanka/.m2/repository/com/fasterxml/jackson/datatype/jackson-datatype-jsr310/2.9.6/jackson-datatype-jsr310-2.9.6.jar:/Users/devarajlanka/.m2/repository/com/fasterxml/jackson/module/jackson-module-parameter-names/2.9.6/jackson-module-parameter-names-2.9.6.jar:/Users/devarajlanka/.m2/repository/org/springframework/boot/spring-boot-starter-tomcat/2.0.5.RELEASE/spring-boot-starter-tomcat-2.0.5.RELEASE.jar:/Users/devarajlanka/.m2/repository/org/apache/tomcat/embed/tomcat-embed-core/8.5.34/tomcat-embed-core-8.5.34.jar:/Users/devarajlanka/.m2/repository/org/apache/tomcat/embed/tomcat-embed-el/8.5.34/tomcat-embed-el-8.5.34.jar:/Users/devarajlanka/.m2/repository/org/apache/tomcat/embed/tomcat-embed-websocket/8.5.34/tomcat-embed-websocket-8.5.34.jar:/Users/devarajlanka/.m2/repository/org/hibernate/validator/hibernate-validator/6.0.12.Final/hibernate-validator-6.0.12.Final.jar:/Users/devarajlanka/.m2/repository/javax/validation/validation-api/2.0.1.Final/validation-api-2.0.1.Final.jar:/Users/devarajlanka/.m2/repository/org/jboss/logging/jboss-logging/3.3.2.Final/jboss-logging-3.3.2.Final.jar:/Users/devarajlanka/.m2/repository/com/fasterxml/classmate/1.3.4/classmate-1.3.4.jar:/Users/devarajlanka/.m2/repository/org/springframework/spring-web/5.0.9.RELEASE/spring-web-5.0.9.RELEASE.jar:/Users/devarajlanka/.m2/repository/org/springframework/spring-beans/5.0.9.RELEASE/spring-beans-5.0.9.RELEASE.jar:/Users/devarajlanka/.m2/repository/org/springframework/spring-webmvc/5.0.9.RELEASE/spring-webmvc-5.0.9.RELEASE.jar:/Users/devarajlanka/.m2/repository/org/springframework/spring-aop/5.0.9.RELEASE/spring-aop-5.0.9.RELEASE.jar:/Users/devarajlanka/.m2/repository/org/springframework/spring-context/5.0.9.RELEASE/spring-context-5.0.9.RELEASE.jar:/Users/devarajlanka/.m2/repository/org/springframework/spring-expression/5.0.9.RELEASE/spring-expression-5.0.9.RELEASE.jar:/Users/devarajlanka/.m2/repository/org/springframework/boot/spring-boot-starter-test/2.0.5.RELEASE/spring-boot-starter-test-2.0.5.RELEASE.jar:/Users/devarajlanka/.m2/repository/org/springframework/boot/spring-boot-test/2.0.5.RELEASE/spring-boot-test-2.0.5.RELEASE.jar:/Users/devarajlanka/.m2/repository/org/springframework/boot/spring-boot-test-autoconfigure/2.0.5.RELEASE/spring-boot-test-autoconfigure-2.0.5.RELEASE.jar:/Users/devarajlanka/.m2/repository/com/jayway/jsonpath/json-path/2.4.0/json-path-2.4.0.jar:/Users/devarajlanka/.m2/repository/net/minidev/json-smart/2.3/json-smart-2.3.jar:/Users/devarajlanka/.m2/repository/net/minidev/accessors-smart/1.2/accessors-smart-1.2.jar:/Users/devarajlanka/.m2/repository/org/ow2/asm/asm/5.0.4/asm-5.0.4.jar:/Users/devarajlanka/.m2/repository/org/slf4j/slf4j-api/1.7.25/slf4j-api-1.7.25.jar:/Users/devarajlanka/.m2/repository/junit/junit/4.12/junit-4.12.jar:/Users/devarajlanka/.m2/repository/org/assertj/assertj-core/3.9.1/assertj-core-3.9.1.jar:/Users/devarajlanka/.m2/repository/org/mockito/mockito-core/2.15.0/mockito-core-2.15.0.jar:/Users/devarajlanka/.m2/repository/net/bytebuddy/byte-buddy/1.7.11/byte-buddy-1.7.11.jar:/Users/devarajlanka/.m2/repository/net/bytebuddy/byte-buddy-agent/1.7.11/byte-buddy-agent-1.7.11.jar:/Users/devarajlanka/.m2/repository/org/objenesis/objenesis/2.6/objenesis-2.6.jar:/Users/devarajlanka/.m2/repository/org/hamcrest/hamcrest-core/1.3/hamcrest-core-1.3.jar:/Users/devarajlanka/.m2/repository/org/hamcrest/hamcrest-library/1.3/hamcrest-library-1.3.jar:/Users/devarajlanka/.m2/repository/org/skyscreamer/jsonassert/1.5.0/jsonassert-1.5.0.jar:/Users/devarajlanka/.m2/repository/com/vaadin/external/google/android-json/0.0.20131108.vaadin1/android-json-0.0.20131108.vaadin1.jar:/Users/devarajlanka/.m2/repository/org/springframework/spring-core/5.0.9.RELEASE/spring-core-5.0.9.RELEASE.jar:/Users/devarajlanka/.m2/repository/org/springframework/spring-jcl/5.0.9.RELEASE/spring-jcl-5.0.9.RELEASE.jar:/Users/devarajlanka/.m2/repository/org/springframework/spring-test/5.0.9.RELEASE/spring-test-5.0.9.RELEASE.jar:/Users/devarajlanka/.m2/repository/org/xmlunit/xmlunit-core/2.5.1/xmlunit-core-2.5.1.jar:, java.vm.vendor=Oracle Corporation, sun.arch.data.model=64, java.vendor.url=https://java.oracle.com/, user.timezone=America/Chicago, java.vm.specification.version=18, os.name=Mac OS X, sun.java.launcher=SUN_STANDARD, user.country=IN, sun.boot.library.path=/Library/Java/JavaVirtualMachines/jdk-18.0.2.1.jdk/Contents/Home/lib, sun.java.command=/Users/devarajlanka/Downloads/springbootrestdemo/target/surefire/surefirebooter3004305923774008096.jar /Users/devarajlanka/Downloads/springbootrestdemo/target/surefire 2022-09-25T18-56-03_007-jvmRun1 surefire15358374905347598669tmp surefire_014002617533751013951tmp, http.nonProxyHosts=local|*.local|169.254/16|*.169.254/16, jdk.debug=release, surefire.test.class.path=/Users/devarajlanka/Downloads/springbootrestdemo/target/test-classes:/Users/devarajlanka/Downloads/springbootrestdemo/target/classes:/Users/devarajlanka/.m2/repository/org/springframework/boot/spring-boot-starter-web/2.0.5.RELEASE/spring-boot-starter-web-2.0.5.RELEASE.jar:/Users/devarajlanka/.m2/repository/org/springframework/boot/spring-boot-starter/2.0.5.RELEASE/spring-boot-starter-2.0.5.RELEASE.jar:/Users/devarajlanka/.m2/repository/org/springframework/boot/spring-boot/2.0.5.RELEASE/spring-boot-2.0.5.RELEASE.jar:/Users/devarajlanka/.m2/repository/org/springframework/boot/spring-boot-autoconfigure/2.0.5.RELEASE/spring-boot-autoconfigure-2.0.5.RELEASE.jar:/Users/devarajlanka/.m2/repository/org/springframework/boot/spring-boot-starter-logging/2.0.5.RELEASE/spring-boot-starter-logging-2.0.5.RELEASE.jar:/Users/devarajlanka/.m2/repository/ch/qos/logback/logback-classic/1.2.3/logback-classic-1.2.3.jar:/Users/devarajlanka/.m2/repository/ch/qos/logback/logback-core/1.2.3/logback-core-1.2.3.jar:/Users/devarajlanka/.m2/repository/org/apache/logging/log4j/log4j-to-slf4j/2.10.0/log4j-to-slf4j-2.10.0.jar:/Users/devarajlanka/.m2/repository/org/apache/logging/log4j/log4j-api/2.10.0/log4j-api-2.10.0.jar:/Users/devarajlanka/.m2/repository/org/slf4j/jul-to-slf4j/1.7.25/jul-to-slf4j-1.7.25.jar:/Users/devarajlanka/.m2/repository/javax/annotation/javax.annotation-api/1.3.2/javax.annotation-api-1.3.2.jar:/Users/devarajlanka/.m2/repository/org/yaml/snakeyaml/1.19/snakeyaml-1.19.jar:/Users/devarajlanka/.m2/repository/org/springframework/boot/spring-boot-starter-json/2.0.5.RELEASE/spring-boot-starter-json-2.0.5.RELEASE.jar:/Users/devarajlanka/.m2/repository/com/fasterxml/jackson/core/jackson-databind/2.9.6/jackson-databind-2.9.6.jar:/Users/devarajlanka/.m2/repository/com/fasterxml/jackson/core/jackson-annotations/2.9.0/jackson-annotations-2.9.0.jar:/Users/devarajlanka/.m2/repository/com/fasterxml/jackson/core/jackson-core/2.9.6/jackson-core-2.9.6.jar:/Users/devarajlanka/.m2/repository/com/fasterxml/jackson/datatype/jackson-datatype-jdk8/2.9.6/jackson-datatype-jdk8-2.9.6.jar:/Users/devarajlanka/.m2/repository/com/fasterxml/jackson/datatype/jackson-datatype-jsr310/2.9.6/jackson-datatype-jsr310-2.9.6.jar:/Users/devarajlanka/.m2/repository/com/fasterxml/jackson/module/jackson-module-parameter-names/2.9.6/jackson-module-parameter-names-2.9.6.jar:/Users/devarajlanka/.m2/repository/org/springframework/boot/spring-boot-starter-tomcat/2.0.5.RELEASE/spring-boot-starter-tomcat-2.0.5.RELEASE.jar:/Users/devarajlanka/.m2/repository/org/apache/tomcat/embed/tomcat-embed-core/8.5.34/tomcat-embed-core-8.5.34.jar:/Users/devarajlanka/.m2/repository/org/apache/tomcat/embed/tomcat-embed-el/8.5.34/tomcat-embed-el-8.5.34.jar:/Users/devarajlanka/.m2/repository/org/apache/tomcat/embed/tomcat-embed-websocket/8.5.34/tomcat-embed-websocket-8.5.34.jar:/Users/devarajlanka/.m2/repository/org/hibernate/validator/hibernate-validator/6.0.12.Final/hibernate-validator-6.0.12.Final.jar:/Users/devarajlanka/.m2/repository/javax/validation/validation-api/2.0.1.Final/validation-api-2.0.1.Final.jar:/Users/devarajlanka/.m2/repository/org/jboss/logging/jboss-logging/3.3.2.Final/jboss-logging-3.3.2.Final.jar:/Users/devarajlanka/.m2/repository/com/fasterxml/classmate/1.3.4/classmate-1.3.4.jar:/Users/devarajlanka/.m2/repository/org/springframework/spring-web/5.0.9.RELEASE/spring-web-5.0.9.RELEASE.jar:/Users/devarajlanka/.m2/repository/org/springframework/spring-beans/5.0.9.RELEASE/spring-beans-5.0.9.RELEASE.jar:/Users/devarajlanka/.m2/repository/org/springframework/spring-webmvc/5.0.9.RELEASE/spring-webmvc-5.0.9.RELEASE.jar:/Users/devarajlanka/.m2/repository/org/springframework/spring-aop/5.0.9.RELEASE/spring-aop-5.0.9.RELEASE.jar:/Users/devarajlanka/.m2/repository/org/springframework/spring-context/5.0.9.RELEASE/spring-context-5.0.9.RELEASE.jar:/Users/devarajlanka/.m2/repository/org/springframework/spring-expression/5.0.9.RELEASE/spring-expression-5.0.9.RELEASE.jar:/Users/devarajlanka/.m2/repository/org/springframework/boot/spring-boot-starter-test/2.0.5.RELEASE/spring-boot-starter-test-2.0.5.RELEASE.jar:/Users/devarajlanka/.m2/repository/org/springframework/boot/spring-boot-test/2.0.5.RELEASE/spring-boot-test-2.0.5.RELEASE.jar:/Users/devarajlanka/.m2/repository/org/springframework/boot/spring-boot-test-autoconfigure/2.0.5.RELEASE/spring-boot-test-autoconfigure-2.0.5.RELEASE.jar:/Users/devarajlanka/.m2/repository/com/jayway/jsonpath/json-path/2.4.0/json-path-2.4.0.jar:/Users/devarajlanka/.m2/repository/net/minidev/json-smart/2.3/json-smart-2.3.jar:/Users/devarajlanka/.m2/repository/net/minidev/accessors-smart/1.2/accessors-smart-1.2.jar:/Users/devarajlanka/.m2/repository/org/ow2/asm/asm/5.0.4/asm-5.0.4.jar:/Users/devarajlanka/.m2/repository/org/slf4j/slf4j-api/1.7.25/slf4j-api-1.7.25.jar:/Users/devarajlanka/.m2/repository/junit/junit/4.12/junit-4.12.jar:/Users/devarajlanka/.m2/repository/org/assertj/assertj-core/3.9.1/assertj-core-3.9.1.jar:/Users/devarajlanka/.m2/repository/org/mockito/mockito-core/2.15.0/mockito-core-2.15.0.jar:/Users/devarajlanka/.m2/repository/net/bytebuddy/byte-buddy/1.7.11/byte-buddy-1.7.11.jar:/Users/devarajlanka/.m2/repository/net/bytebuddy/byte-buddy-agent/1.7.11/byte-buddy-agent-1.7.11.jar:/Users/devarajlanka/.m2/repository/org/objenesis/objenesis/2.6/objenesis-2.6.jar:/Users/devarajlanka/.m2/repository/org/hamcrest/hamcrest-core/1.3/hamcrest-core-1.3.jar:/Users/devarajlanka/.m2/repository/org/hamcrest/hamcrest-library/1.3/hamcrest-library-1.3.jar:/Users/devarajlanka/.m2/repository/org/skyscreamer/jsonassert/1.5.0/jsonassert-1.5.0.jar:/Users/devarajlanka/.m2/repository/com/vaadin/external/google/android-json/0.0.20131108.vaadin1/android-json-0.0.20131108.vaadin1.jar:/Users/devarajlanka/.m2/repository/org/springframework/spring-core/5.0.9.RELEASE/spring-core-5.0.9.RELEASE.jar:/Users/devarajlanka/.m2/repository/org/springframework/spring-jcl/5.0.9.RELEASE/spring-jcl-5.0.9.RELEASE.jar:/Users/devarajlanka/.m2/repository/org/springframework/spring-test/5.0.9.RELEASE/spring-test-5.0.9.RELEASE.jar:/Users/devarajlanka/.m2/repository/org/xmlunit/xmlunit-core/2.5.1/xmlunit-core-2.5.1.jar:, sun.cpu.endian=little, user.home=/Users/devarajlanka, user.language=en, java.specification.vendor=Oracle Corporation, java.version.date=2022-08-18, java.home=/Library/Java/JavaVirtualMachines/jdk-18.0.2.1.jdk/Contents/Home, file.separator=/, basedir=/Users/devarajlanka/Downloads/springbootrestdemo, java.vm.compressedOopsMode=Zero based, line.separator=
, java.vm.specification.vendor=Oracle Corporation, java.specification.name=Java Platform API Specification, apple.awt.application.name=ForkedBooter, surefire.real.class.path=/Users/devarajlanka/Downloads/springbootrestdemo/target/surefire/surefirebooter3004305923774008096.jar, sun.management.compiler=HotSpot 64-Bit Tiered Compilers, ftp.nonProxyHosts=local|*.local|169.254/16|*.169.254/16, java.runtime.version=18.0.2.1+1-1, user.name=devarajlanka, path.separator=:, os.version=12.6, java.runtime.name=Java(TM) SE Runtime Environment, file.encoding=UTF-8, java.vm.name=Java HotSpot(TM) 64-Bit Server VM, localRepository=/Users/devarajlanka/.m2/repository, java.vendor.url.bug=https://bugreport.java.com/bugreport/, java.io.tmpdir=/var/folders/_7/636yxv8s15g84lrtmx0btwdr0000gn/T/, idea.version=2022.2.2, java.version=18.0.2.1, user.dir=/Users/devarajlanka/Downloads/springbootrestdemo, os.arch=x86_64, java.vm.specification.name=Java Virtual Machine Specification, native.encoding=US-ASCII, java.library.path=/Users/devarajlanka/Library/Java/Extensions:/Library/Java/Extensions:/Network/Library/Java/Extensions:/System/Library/Java/Extensions:/usr/lib/java:., java.vm.info=mixed mode, sharing, java.vendor=Oracle Corporation, java.vm.version=18.0.2.1+1-1, sun.io.unicode.encoding=UnicodeBig, socksNonProxyHosts=local|*.local|169.254/16|*.169.254/16, java.class.version=62.0}}, SystemEnvironmentPropertySource@1205406622 {name='systemEnvironment', properties={__CFBundleIdentifier=com.jetbrains.intellij, PATH=/usr/local/bin:/usr/bin:/bin:/usr/sbin:/sbin, SHELL=/bin/zsh, JAVA_HOME=/Library/Java/JavaVirtualMachines/jdk-18.0.2.1.jdk/Contents/Home, OLDPWD=/Users/devarajlanka/Downloads/springbootrestdemo, USER=devarajlanka, COMMAND_MODE=unix2003, TMPDIR=/var/folders/_7/636yxv8s15g84lrtmx0btwdr0000gn/T/, SSH_AUTH_SOCK=/private/tmp/com.apple.launchd.hsTBdhSnDd/Listeners, XPC_FLAGS=0x0, __CF_USER_TEXT_ENCODING=0x1F5:0x0:0x0, LOGNAME=devarajlanka, LC_CTYPE=en_IN.UTF-8, XPC_SERVICE_NAME=0, PWD=/Users/devarajlanka/Downloads/springbootrestdemo, HOME=/Users/devarajlanka, SHLVL=1, _=/Library/Java/JavaVirtualMachines/jdk-18.0.2.1.jdk/Contents/Home/bin/java}}]
18:56:05.316 [main] DEBUG org.springframework.core.io.support.PathMatchingResourcePatternResolver - Resolved classpath location [com/howtodoinjava/demo/] to resources [URL [file:/Users/devarajlanka/Downloads/springbootrestdemo/target/test-classes/com/howtodoinjava/demo/]]
18:56:05.317 [main] DEBUG org.springframework.core.io.support.PathMatchingResourcePatternResolver - Looking for matching resources in directory tree [/Users/devarajlanka/Downloads/springbootrestdemo/target/test-classes/com/howtodoinjava/demo]
18:56:05.317 [main] DEBUG org.springframework.core.io.support.PathMatchingResourcePatternResolver - Searching directory [/Users/devarajlanka/Downloads/springbootrestdemo/target/test-classes/com/howtodoinjava/demo] for files matching pattern [/Users/devarajlanka/Downloads/springbootrestdemo/target/test-classes/com/howtodoinjava/demo/*.class]
18:56:05.325 [main] DEBUG org.springframework.core.io.support.PathMatchingResourcePatternResolver - Resolved location pattern [classpath*:com/howtodoinjava/demo/*.class] to resources [file [/Users/devarajlanka/Downloads/springbootrestdemo/target/test-classes/com/howtodoinjava/demo/SpringBootDemoApplicationTests.class]]
18:56:05.341 [main] DEBUG org.springframework.core.io.support.PathMatchingResourcePatternResolver - Resolved classpath location [com/howtodoinjava/] to resources [URL [file:/Users/devarajlanka/Downloads/springbootrestdemo/target/test-classes/com/howtodoinjava/], URL [file:/Users/devarajlanka/Downloads/springbootrestdemo/target/classes/com/howtodoinjava/]]
18:56:05.341 [main] DEBUG org.springframework.core.io.support.PathMatchingResourcePatternResolver - Looking for matching resources in directory tree [/Users/devarajlanka/Downloads/springbootrestdemo/target/test-classes/com/howtodoinjava]
18:56:05.341 [main] DEBUG org.springframework.core.io.support.PathMatchingResourcePatternResolver - Searching directory [/Users/devarajlanka/Downloads/springbootrestdemo/target/test-classes/com/howtodoinjava] for files matching pattern [/Users/devarajlanka/Downloads/springbootrestdemo/target/test-classes/com/howtodoinjava/*.class]
18:56:05.341 [main] DEBUG org.springframework.core.io.support.PathMatchingResourcePatternResolver - Looking for matching resources in directory tree [/Users/devarajlanka/Downloads/springbootrestdemo/target/classes/com/howtodoinjava]
18:56:05.341 [main] DEBUG org.springframework.core.io.support.PathMatchingResourcePatternResolver - Searching directory [/Users/devarajlanka/Downloads/springbootrestdemo/target/classes/com/howtodoinjava] for files matching pattern [/Users/devarajlanka/Downloads/springbootrestdemo/target/classes/com/howtodoinjava/*.class]
18:56:05.342 [main] DEBUG org.springframework.core.io.support.PathMatchingResourcePatternResolver - Resolved location pattern [classpath*:com/howtodoinjava/*.class] to resources []
18:56:05.343 [main] DEBUG org.springframework.core.io.support.PathMatchingResourcePatternResolver - Resolved classpath location [com/] to resources [URL [file:/Users/devarajlanka/Downloads/springbootrestdemo/target/test-classes/com/], URL [file:/Users/devarajlanka/Downloads/springbootrestdemo/target/classes/com/], URL [jar:file:/Users/devarajlanka/.m2/repository/com/fasterxml/jackson/core/jackson-databind/2.9.6/jackson-databind-2.9.6.jar!/com/], URL [jar:file:/Users/devarajlanka/.m2/repository/com/fasterxml/jackson/core/jackson-annotations/2.9.0/jackson-annotations-2.9.0.jar!/com/], URL [jar:file:/Users/devarajlanka/.m2/repository/com/fasterxml/jackson/core/jackson-core/2.9.6/jackson-core-2.9.6.jar!/com/], URL [jar:file:/Users/devarajlanka/.m2/repository/com/fasterxml/jackson/datatype/jackson-datatype-jdk8/2.9.6/jackson-datatype-jdk8-2.9.6.jar!/com/], URL [jar:file:/Users/devarajlanka/.m2/repository/com/fasterxml/jackson/datatype/jackson-datatype-jsr310/2.9.6/jackson-datatype-jsr310-2.9.6.jar!/com/], URL [jar:file:/Users/devarajlanka/.m2/repository/com/fasterxml/jackson/module/jackson-module-parameter-names/2.9.6/jackson-module-parameter-names-2.9.6.jar!/com/], URL [jar:file:/Users/devarajlanka/.m2/repository/com/fasterxml/classmate/1.3.4/classmate-1.3.4.jar!/com/], URL [jar:file:/Users/devarajlanka/.m2/repository/com/jayway/jsonpath/json-path/2.4.0/json-path-2.4.0.jar!/com/]]
18:56:05.343 [main] DEBUG org.springframework.core.io.support.PathMatchingResourcePatternResolver - Looking for matching resources in directory tree [/Users/devarajlanka/Downloads/springbootrestdemo/target/test-classes/com]
18:56:05.343 [main] DEBUG org.springframework.core.io.support.PathMatchingResourcePatternResolver - Searching directory [/Users/devarajlanka/Downloads/springbootrestdemo/target/test-classes/com] for files matching pattern [/Users/devarajlanka/Downloads/springbootrestdemo/target/test-classes/com/*.class]
18:56:05.344 [main] DEBUG org.springframework.core.io.support.PathMatchingResourcePatternResolver - Looking for matching resources in directory tree [/Users/devarajlanka/Downloads/springbootrestdemo/target/classes/com]
18:56:05.344 [main] DEBUG org.springframework.core.io.support.PathMatchingResourcePatternResolver - Searching directory [/Users/devarajlanka/Downloads/springbootrestdemo/target/classes/com] for files matching pattern [/Users/devarajlanka/Downloads/springbootrestdemo/target/classes/com/*.class]
18:56:05.345 [main] DEBUG org.springframework.core.io.support.PathMatchingResourcePatternResolver - Looking for matching resources in jar file [file:/Users/devarajlanka/.m2/repository/com/fasterxml/jackson/core/jackson-databind/2.9.6/jackson-databind-2.9.6.jar]
18:56:05.364 [main] DEBUG org.springframework.core.io.support.PathMatchingResourcePatternResolver - Looking for matching resources in jar file [file:/Users/devarajlanka/.m2/repository/com/fasterxml/jackson/core/jackson-annotations/2.9.0/jackson-annotations-2.9.0.jar]
18:56:05.367 [main] DEBUG org.springframework.core.io.support.PathMatchingResourcePatternResolver - Looking for matching resources in jar file [file:/Users/devarajlanka/.m2/repository/com/fasterxml/jackson/core/jackson-core/2.9.6/jackson-core-2.9.6.jar]
18:56:05.370 [main] DEBUG org.springframework.core.io.support.PathMatchingResourcePatternResolver - Looking for matching resources in jar file [file:/Users/devarajlanka/.m2/repository/com/fasterxml/jackson/datatype/jackson-datatype-jdk8/2.9.6/jackson-datatype-jdk8-2.9.6.jar]
18:56:05.370 [main] DEBUG org.springframework.core.io.support.PathMatchingResourcePatternResolver - Looking for matching resources in jar file [file:/Users/devarajlanka/.m2/repository/com/fasterxml/jackson/datatype/jackson-datatype-jsr310/2.9.6/jackson-datatype-jsr310-2.9.6.jar]
18:56:05.370 [main] DEBUG org.springframework.core.io.support.PathMatchingResourcePatternResolver - Looking for matching resources in jar file [file:/Users/devarajlanka/.m2/repository/com/fasterxml/jackson/module/jackson-module-parameter-names/2.9.6/jackson-module-parameter-names-2.9.6.jar]
18:56:05.371 [main] DEBUG org.springframework.core.io.support.PathMatchingResourcePatternResolver - Looking for matching resources in jar file [file:/Users/devarajlanka/.m2/repository/com/fasterxml/classmate/1.3.4/classmate-1.3.4.jar]
18:56:05.372 [main] DEBUG org.springframework.core.io.support.PathMatchingResourcePatternResolver - Looking for matching resources in jar file [file:/Users/devarajlanka/.m2/repository/com/jayway/jsonpath/json-path/2.4.0/json-path-2.4.0.jar]
18:56:05.373 [main] DEBUG org.springframework.core.io.support.PathMatchingResourcePatternResolver - Resolved location pattern [classpath*:com/*.class] to resources []
]]></system-out>
  </testcase>
</testsuite>